<?xml version="1.0" encoding="UTF-8"?>
<!-- Generated by org.testng.reporters.JUnitReportReporter -->
<testsuite hostname="Kiran" failures="0" tests="1" name="com.rmg.practice.CreateProjectUsingBdd" time="4.012" errors="0" timestamp="2021-09-25T16:02:52 IST" skipped="0">
  <testcase classname="com.rmg.practice.CreateProjectUsingBdd" name="createProjectusingBdd" time="4.012"/>
  <system-out/>
</testsuite> <!-- com.rmg.practice.CreateProjectUsingBdd -->
