<?xml version="1.0" encoding="UTF-8"?>
<!-- Generated by org.testng.reporters.JUnitReportReporter -->
<testsuite hostname="Kiran" failures="0" tests="1" name="com.rmg.practice.CreateProjectWithJsonFile" time="4.239" errors="0" timestamp="2021-09-27T14:29:50 IST" skipped="0">
  <testcase classname="com.rmg.practice.CreateProjectWithJsonFile" name="createProjectWithJsonFile" time="4.239"/>
  <system-out/>
</testsuite> <!-- com.rmg.practice.CreateProjectWithJsonFile -->
