<?xml version="1.0" encoding="UTF-8"?>
<!-- Generated by org.testng.reporters.JUnitReportReporter -->
<testsuite hostname="Kiran" failures="0" tests="1" name="com.rmg.practice.CreateProject" time="4.972" errors="0" timestamp="2021-09-25T15:15:35 IST" skipped="0">
  <testcase classname="com.rmg.practice.CreateProject" name="createProject" time="4.972"/>
  <system-out/>
</testsuite> <!-- com.rmg.practice.CreateProject -->
