<?xml version="1.0" encoding="UTF-8"?>
<!-- Generated by org.testng.reporters.JUnitReportReporter -->
<testsuite hostname="Kiran" failures="0" tests="1" name="com.rmg.projects.getProjects" time="2.309" errors="0" timestamp="2021-09-24T15:43:44 IST" skipped="0">
  <testcase classname="com.rmg.projects.getProjects" name="getllproject" time="2.309"/>
  <system-out/>
</testsuite> <!-- com.rmg.projects.getProjects -->
