<?xml version="1.0" encoding="UTF-8"?>
<!-- Generated by org.testng.reporters.JUnitReportReporter -->
<testsuite hostname="Kiran" failures="0" tests="1" name="com.rmg.practice.getAllProjects" time="3.946" errors="0" timestamp="2021-09-25T17:10:24 IST" skipped="0">
  <testcase classname="com.rmg.practice.getAllProjects" name="getAllproject" time="3.946"/>
  <system-out/>
</testsuite> <!-- com.rmg.practice.getAllProjects -->
