<?xml version="1.0" encoding="UTF-8"?>
<!-- Generated by org.testng.reporters.JUnitReportReporter -->
<testsuite hostname="Kiran" failures="0" tests="1" name="parameters.QueryParameter" time="7.786" errors="0" timestamp="2023-12-21T11:59:55 IST" skipped="0">
  <testcase classname="parameters.QueryParameter" name="queryParameter" time="7.786"/>
  <system-out/>
</testsuite> <!-- parameters.QueryParameter -->
