<?xml version="1.0" encoding="UTF-8"?>
<!-- Generated by org.testng.reporters.JUnitReportReporter -->
<testsuite hostname="Kiran" failures="0" tests="1" name="com.rmg.practice.DeleteProject" time="2.852" errors="0" timestamp="2021-09-25T15:45:22 IST" skipped="0">
  <testcase classname="com.rmg.practice.DeleteProject" name="deleteProject" time="2.852"/>
  <system-out/>
</testsuite> <!-- com.rmg.practice.DeleteProject -->
