<?xml version="1.0" encoding="UTF-8"?>
<!-- Generated by org.testng.reporters.JUnitReportReporter -->
<testsuite hostname="Kiran" failures="0" tests="1" name="com.rmg.practice.UpdateProjectusingBdd" time="4.460" errors="0" timestamp="2021-09-25T16:21:26 IST" skipped="0">
  <testcase classname="com.rmg.practice.UpdateProjectusingBdd" name="updateProjectusingBdd" time="4.460"/>
  <system-out/>
</testsuite> <!-- com.rmg.practice.UpdateProjectusingBdd -->
