<?xml version="1.0" encoding="UTF-8"?>
<!-- Generated by org.testng.reporters.JUnitReportReporter -->
<testsuite hostname="Kiran" failures="0" tests="1" name="com.rmg.practice.getProjects" time="5.641" errors="0" timestamp="2021-09-25T15:03:13 IST" skipped="0">
  <testcase classname="com.rmg.practice.getProjects" name="getllproject" time="5.641"/>
  <system-out/>
</testsuite> <!-- com.rmg.practice.getProjects -->
