<?xml version="1.0" encoding="UTF-8"?>
<!-- Generated by org.testng.reporters.JUnitReportReporter -->
<testsuite hostname="Kiran" failures="0" tests="1" name="com.rmg.practice.CreateProjectUsingMap" time="4.610" errors="0" timestamp="2023-01-26T13:21:14 IST" skipped="0">
  <testcase classname="com.rmg.practice.CreateProjectUsingMap" name="createProjectUsingMap" time="4.610"/>
  <system-out/>
</testsuite> <!-- com.rmg.practice.CreateProjectUsingMap -->
