<?xml version="1.0" encoding="UTF-8"?>
<!-- Generated by org.testng.reporters.JUnitReportReporter -->
<testsuite hostname="Kiran" failures="0" tests="1" name="com.rmg.practice.GetSingleProject" time="3.179" errors="0" timestamp="2021-09-25T15:39:18 IST" skipped="0">
  <testcase classname="com.rmg.practice.GetSingleProject" name="getSingleProject" time="3.179"/>
  <system-out/>
</testsuite> <!-- com.rmg.practice.GetSingleProject -->
