<?xml version="1.0" encoding="UTF-8"?>
<!-- Generated by org.testng.reporters.JUnitReportReporter -->
<testsuite hostname="Kiran" failures="0" tests="1" name="com.rmg.practice.UpdateProject" time="4.789" errors="0" timestamp="2021-09-25T15:33:04 IST" skipped="0">
  <testcase classname="com.rmg.practice.UpdateProject" name="updateProject" time="4.789"/>
  <system-out/>
</testsuite> <!-- com.rmg.practice.UpdateProject -->
