<?xml version="1.0" encoding="UTF-8"?>
<!-- Generated by org.testng.reporters.JUnitReportReporter -->
<testsuite hostname="Kiran" failures="0" tests="1" name="complex.response.validation.StaticResponseValidation" time="3.900" errors="0" timestamp="2021-09-30T11:10:19 IST" skipped="0">
  <testcase classname="complex.response.validation.StaticResponseValidation" name="staticResponseValidation" time="3.900"/>
  <system-out/>
</testsuite> <!-- complex.response.validation.StaticResponseValidation -->
