<?xml version="1.0" encoding="UTF-8"?>
<!-- Generated by org.testng.reporters.JUnitReportReporter -->
<testsuite hostname="Kiran" failures="0" tests="1" name="parameters.QueryParameter" time="3.598" errors="0" timestamp="2023-01-20T11:42:01 IST" skipped="0">
  <testcase classname="parameters.QueryParameter" name="queryParameter" time="3.598"/>
  <system-out/>
</testsuite> <!-- parameters.QueryParameter -->
