<?xml version="1.0" encoding="UTF-8"?>
<!-- Generated by org.testng.reporters.JUnitReportReporter -->
<testsuite hostname="Kiran" failures="0" tests="1" name="com.rmg.practice.CreateProjectWithPojoClass" time="5.264" errors="0" timestamp="2021-09-27T14:37:54 IST" skipped="0">
  <testcase classname="com.rmg.practice.CreateProjectWithPojoClass" name="createProjectWithPojoClass" time="5.264"/>
  <system-out/>
</testsuite> <!-- com.rmg.practice.CreateProjectWithPojoClass -->
