<?xml version="1.0" encoding="UTF-8"?>
<!-- Generated by org.testng.reporters.JUnitReportReporter -->
<testsuite hostname="Kiran" failures="0" tests="1" name="authentication.Oauth2" time="9.377" errors="0" timestamp="2023-11-21T10:21:51 IST" skipped="0">
  <testcase classname="authentication.Oauth2" name="oAuth2" time="9.377"/>
  <system-out/>
</testsuite> <!-- authentication.Oauth2 -->
