<?xml version="1.0" encoding="UTF-8"?>
<!-- Generated by org.testng.reporters.JUnitReportReporter -->
<testsuite hostname="Kiran" failures="0" tests="1" name="com.rmg.practice.GetAllProjectsUsingBdd" time="3.016" errors="0" timestamp="2021-09-25T16:07:49 IST" skipped="0">
  <testcase classname="com.rmg.practice.GetAllProjectsUsingBdd" name="getAllProjectsUsingBdd" time="3.016"/>
  <system-out/>
</testsuite> <!-- com.rmg.practice.GetAllProjectsUsingBdd -->
