<?xml version="1.0" encoding="UTF-8"?>
<!-- Generated by org.testng.reporters.JUnitReportReporter -->
<testsuite hostname="Kiran" failures="0" tests="1" name="com.rmg.practice.GetSingleProjectsUsingBdd" time="3.103" errors="0" timestamp="2021-09-25T16:09:31 IST" skipped="0">
  <testcase classname="com.rmg.practice.GetSingleProjectsUsingBdd" name="getAllProjectsUsingBdd" time="3.103"/>
  <system-out/>
</testsuite> <!-- com.rmg.practice.GetSingleProjectsUsingBdd -->
