<?xml version="1.0" encoding="UTF-8"?>
<!-- Generated by org.testng.reporters.JUnitReportReporter -->
<testsuite hostname="Kiran" failures="0" tests="1" name="com.rmg.practice.DeleteProjectUsingBdd" time="2.984" errors="0" timestamp="2021-09-25T16:15:03 IST" skipped="0">
  <testcase classname="com.rmg.practice.DeleteProjectUsingBdd" name="deleteProjectUsingBdd" time="2.984"/>
  <system-out/>
</testsuite> <!-- com.rmg.practice.DeleteProjectUsingBdd -->
